2025-12-03T11:30:36.255+08:00  INFO 36016 --- [springboot_backend] [restartedMain] c.e.s.SpringbootBackendApplication       : Starting SpringbootBackendApplication using Java 21.0.8 with PID 36016 (D:\_Files\Talk2Me-Forum\springboot_backend\target\classes started by Flo in D:\_Files\Talk2Me-Forum\springboot_backend)
2025-12-03T11:30:36.258+08:00 DEBUG 36016 --- [springboot_backend] [restartedMain] c.e.s.SpringbootBackendApplication       : Running with Spring Boot v4.0.0, Spring v7.0.1
2025-12-03T11:30:36.258+08:00  INFO 36016 --- [springboot_backend] [restartedMain] c.e.s.SpringbootBackendApplication       : The following 1 profile is active: "dev"
2025-12-03T11:30:36.294+08:00  INFO 36016 --- [springboot_backend] [restartedMain] .e.DevToolsPropertyDefaultsPostProcessor : Devtools property defaults active! Set 'spring.devtools.add-properties' to 'false' to disable
2025-12-03T11:30:36.294+08:00  INFO 36016 --- [springboot_backend] [restartedMain] .e.DevToolsPropertyDefaultsPostProcessor : For additional web related logging consider setting the 'logging.level.web' property to 'DEBUG'
2025-12-03T11:30:36.824+08:00  INFO 36016 --- [springboot_backend] [restartedMain] .s.d.r.c.RepositoryConfigurationDelegate : Multiple Spring Data modules found, entering strict repository configuration mode
2025-12-03T11:30:36.824+08:00  INFO 36016 --- [springboot_backend] [restartedMain] .s.d.r.c.RepositoryConfigurationDelegate : Bootstrapping Spring Data JPA repositories in DEFAULT mode.
2025-12-03T11:30:36.927+08:00  INFO 36016 --- [springboot_backend] [restartedMain] .s.d.r.c.RepositoryConfigurationDelegate : Finished Spring Data repository scanning in 97 ms. Found 1 JPA repository interface.
2025-12-03T11:30:36.955+08:00  INFO 36016 --- [springboot_backend] [restartedMain] .s.d.r.c.RepositoryConfigurationDelegate : Multiple Spring Data modules found, entering strict repository configuration mode
2025-12-03T11:30:36.956+08:00  INFO 36016 --- [springboot_backend] [restartedMain] .s.d.r.c.RepositoryConfigurationDelegate : Bootstrapping Spring Data Redis repositories in DEFAULT mode.
2025-12-03T11:30:36.970+08:00  INFO 36016 --- [springboot_backend] [restartedMain] .RepositoryConfigurationExtensionSupport : Spring Data Redis - Could not safely identify store assignment for repository candidate interface com.example.springboot_backend.talk2me.user.repository.UserRepository; If you want this repository to be a Redis repository, consider annotating your entities with one of these annotations: org.springframework.data.redis.core.RedisHash (preferred), or consider extending one of the following types with your repository: org.springframework.data.keyvalue.repository.KeyValueRepository
2025-12-03T11:30:36.970+08:00  INFO 36016 --- [springboot_backend] [restartedMain] .s.d.r.c.RepositoryConfigurationDelegate : Finished Spring Data repository scanning in 7 ms. Found 0 Redis repository interfaces.
2025-12-03T11:30:37.421+08:00  INFO 36016 --- [springboot_backend] [restartedMain] o.s.boot.tomcat.TomcatWebServer          : Tomcat initialized with port 8099 (http)
2025-12-03T11:30:37.430+08:00  INFO 36016 --- [springboot_backend] [restartedMain] o.apache.catalina.core.StandardService   : Starting service [Tomcat]
2025-12-03T11:30:37.431+08:00  INFO 36016 --- [springboot_backend] [restartedMain] o.apache.catalina.core.StandardEngine    : Starting Servlet engine: [Apache Tomcat/11.0.14]
2025-12-03T11:30:37.459+08:00  INFO 36016 --- [springboot_backend] [restartedMain] b.w.c.s.WebApplicationContextInitializer : Root WebApplicationContext: initialization completed in 1165 ms
2025-12-03T11:30:37.555+08:00  INFO 36016 --- [springboot_backend] [restartedMain] o.hibernate.jpa.internal.util.LogHelper  : HHH000204: Processing PersistenceUnitInfo [name: default]
2025-12-03T11:30:37.581+08:00  INFO 36016 --- [springboot_backend] [restartedMain] org.hibernate.Version                    : HHH000412: Hibernate ORM core version 7.1.8.Final
2025-12-03T11:30:37.903+08:00  INFO 36016 --- [springboot_backend] [restartedMain] o.s.o.j.p.SpringPersistenceUnitInfo      : No LoadTimeWeaver setup: ignoring JPA class transformer
2025-12-03T11:30:37.927+08:00  INFO 36016 --- [springboot_backend] [restartedMain] com.zaxxer.hikari.HikariDataSource       : HikariPool-1 - Starting...
2025-12-03T11:30:38.051+08:00  INFO 36016 --- [springboot_backend] [restartedMain] com.zaxxer.hikari.pool.HikariPool        : HikariPool-1 - Added connection conn0: url=jdbc:h2:mem:talk2me user=SA
2025-12-03T11:30:38.052+08:00  INFO 36016 --- [springboot_backend] [restartedMain] com.zaxxer.hikari.HikariDataSource       : HikariPool-1 - Start completed.
2025-12-03T11:30:38.064+08:00  WARN 36016 --- [springboot_backend] [restartedMain] org.hibernate.orm.deprecation            : HHH90000025: H2Dialect does not need to be specified explicitly using 'hibernate.dialect' (remove the property setting and it will be selected by default)
2025-12-03T11:30:38.076+08:00  INFO 36016 --- [springboot_backend] [restartedMain] org.hibernate.orm.connections.pooling    : HHH10001005: Database info:
	Database JDBC URL [jdbc:h2:mem:talk2me]
	Database driver: H2 JDBC Driver
	Database dialect: H2Dialect
	Database version: 2.4.240
	Default catalog/schema: TALK2ME/PUBLIC
	Autocommit mode: undefined/unknown
	Isolation level: READ_COMMITTED [default READ_COMMITTED]
	JDBC fetch size: 100
	Pool: DatasourceConnectionProviderImpl
	Minimum pool size: undefined/unknown
	Maximum pool size: undefined/unknown
2025-12-03T11:30:38.722+08:00  INFO 36016 --- [springboot_backend] [restartedMain] o.h.e.t.j.p.i.JtaPlatformInitiator       : HHH000489: No JTA platform available (set 'hibernate.transaction.jta.platform' to enable JTA platform integration)
2025-12-03T11:30:38.766+08:00  INFO 36016 --- [springboot_backend] [restartedMain] j.LocalContainerEntityManagerFactoryBean : Initialized JPA EntityManagerFactory for persistence unit 'default'
2025-12-03T11:30:38.821+08:00  INFO 36016 --- [springboot_backend] [restartedMain] o.s.d.j.r.query.QueryEnhancerFactories   : Hibernate is in classpath; If applicable, HQL parser will be used.
2025-12-03T11:30:38.963+08:00 DEBUG 36016 --- [springboot_backend] [restartedMain] c.e.s.c.s.JwtAuthenticationFilter        : Filter 'jwtAuthenticationFilter' configured for use
2025-12-03T11:30:39.009+08:00  INFO 36016 --- [springboot_backend] [restartedMain] eAuthenticationProviderManagerConfigurer : Global AuthenticationManager configured with AuthenticationProvider bean with name authenticationProvider
2025-12-03T11:30:39.009+08:00  WARN 36016 --- [springboot_backend] [restartedMain] r$InitializeUserDetailsManagerConfigurer : Global AuthenticationManager configured with an AuthenticationProvider bean. UserDetailsService beans will not be used by Spring Security for automatically configuring username/password login. Consider removing the AuthenticationProvider bean. Alternatively, consider using the UserDetailsService in a manually instantiated DaoAuthenticationProvider. If the current configuration is intentional, to turn off this warning, increase the logging level of 'org.springframework.security.config.annotation.authentication.configuration.InitializeUserDetailsBeanManagerConfigurer' to ERROR
2025-12-03T11:30:39.037+08:00  WARN 36016 --- [springboot_backend] [restartedMain] JpaBaseConfiguration$JpaWebConfiguration : spring.jpa.open-in-view is enabled by default. Therefore, database queries may be performed during view rendering. Explicitly configure spring.jpa.open-in-view to disable this warning
2025-12-03T11:30:39.808+08:00  INFO 36016 --- [springboot_backend] [restartedMain] o.s.boot.tomcat.TomcatWebServer          : Tomcat started on port 8099 (http) with context path '/'
2025-12-03T11:30:39.812+08:00  INFO 36016 --- [springboot_backend] [restartedMain] c.e.s.SpringbootBackendApplication       : Started SpringbootBackendApplication in 3.873 seconds (process running for 4.39)
2025-12-03T11:31:19.766+08:00  INFO 36016 --- [springboot_backend] [File Watcher] rtingClassPathChangeChangedEventListener : Restarting due to 1 class path change (0 additions, 0 deletions, 1 modification)
2025-12-03T11:31:19.769+08:00  INFO 36016 --- [springboot_backend] [Thread-1] o.s.boot.tomcat.GracefulShutdown         : Commencing graceful shutdown. Waiting for active requests to complete
2025-12-03T11:31:19.777+08:00  INFO 36016 --- [springboot_backend] [tomcat-shutdown] o.s.boot.tomcat.GracefulShutdown         : Graceful shutdown complete
2025-12-03T11:31:19.798+08:00  INFO 36016 --- [springboot_backend] [Thread-1] j.LocalContainerEntityManagerFactoryBean : Closing JPA EntityManagerFactory for persistence unit 'default'
2025-12-03T11:31:19.805+08:00  WARN 36016 --- [springboot_backend] [Thread-1] o.s.b.f.support.DisposableBeanAdapter    : Invocation of destroy method failed on bean with name 'inMemoryDatabaseShutdownExecutor': org.h2.jdbc.JdbcSQLNonTransientConnectionException: Database is already closed (to disable automatic closing at VM shutdown, add ";DB_CLOSE_ON_EXIT=FALSE" to the db URL) [90121-240]
2025-12-03T11:31:19.807+08:00  INFO 36016 --- [springboot_backend] [Thread-1] com.zaxxer.hikari.HikariDataSource       : HikariPool-1 - Shutdown initiated...
2025-12-03T11:31:19.810+08:00  INFO 36016 --- [springboot_backend] [Thread-1] com.zaxxer.hikari.HikariDataSource       : HikariPool-1 - Shutdown completed.
2025-12-03T11:31:19.931+08:00  INFO 36016 --- [springboot_backend] [restartedMain] c.e.s.SpringbootBackendApplication       : Starting SpringbootBackendApplication using Java 21.0.8 with PID 36016 (D:\_Files\Talk2Me-Forum\springboot_backend\target\classes started by Flo in D:\_Files\Talk2Me-Forum\springboot_backend)
2025-12-03T11:31:19.931+08:00 DEBUG 36016 --- [springboot_backend] [restartedMain] c.e.s.SpringbootBackendApplication       : Running with Spring Boot v4.0.0, Spring v7.0.1
2025-12-03T11:31:19.931+08:00  INFO 36016 --- [springboot_backend] [restartedMain] c.e.s.SpringbootBackendApplication       : The following 1 profile is active: "dev"
2025-12-03T11:31:20.133+08:00  INFO 36016 --- [springboot_backend] [restartedMain] .s.d.r.c.RepositoryConfigurationDelegate : Multiple Spring Data modules found, entering strict repository configuration mode
2025-12-03T11:31:20.134+08:00  INFO 36016 --- [springboot_backend] [restartedMain] .s.d.r.c.RepositoryConfigurationDelegate : Bootstrapping Spring Data JPA repositories in DEFAULT mode.
2025-12-03T11:31:20.156+08:00  INFO 36016 --- [springboot_backend] [restartedMain] .s.d.r.c.RepositoryConfigurationDelegate : Finished Spring Data repository scanning in 21 ms. Found 1 JPA repository interface.
2025-12-03T11:31:20.166+08:00  INFO 36016 --- [springboot_backend] [restartedMain] .s.d.r.c.RepositoryConfigurationDelegate : Multiple Spring Data modules found, entering strict repository configuration mode
2025-12-03T11:31:20.166+08:00  INFO 36016 --- [springboot_backend] [restartedMain] .s.d.r.c.RepositoryConfigurationDelegate : Bootstrapping Spring Data Redis repositories in DEFAULT mode.
2025-12-03T11:31:20.175+08:00  INFO 36016 --- [springboot_backend] [restartedMain] .RepositoryConfigurationExtensionSupport : Spring Data Redis - Could not safely identify store assignment for repository candidate interface com.example.springboot_backend.talk2me.user.repository.UserRepository; If you want this repository to be a Redis repository, consider annotating your entities with one of these annotations: org.springframework.data.redis.core.RedisHash (preferred), or consider extending one of the following types with your repository: org.springframework.data.keyvalue.repository.KeyValueRepository
2025-12-03T11:31:20.175+08:00  INFO 36016 --- [springboot_backend] [restartedMain] .s.d.r.c.RepositoryConfigurationDelegate : Finished Spring Data repository scanning in 7 ms. Found 0 Redis repository interfaces.
2025-12-03T11:31:20.304+08:00  INFO 36016 --- [springboot_backend] [restartedMain] o.s.boot.tomcat.TomcatWebServer          : Tomcat initialized with port 8099 (http)
2025-12-03T11:31:20.307+08:00  INFO 36016 --- [springboot_backend] [restartedMain] o.apache.catalina.core.StandardService   : Starting service [Tomcat]
2025-12-03T11:31:20.307+08:00  INFO 36016 --- [springboot_backend] [restartedMain] o.apache.catalina.core.StandardEngine    : Starting Servlet engine: [Apache Tomcat/11.0.14]
2025-12-03T11:31:20.332+08:00  INFO 36016 --- [springboot_backend] [restartedMain] b.w.c.s.WebApplicationContextInitializer : Root WebApplicationContext: initialization completed in 399 ms
2025-12-03T11:31:20.397+08:00  INFO 36016 --- [springboot_backend] [restartedMain] o.hibernate.jpa.internal.util.LogHelper  : HHH000204: Processing PersistenceUnitInfo [name: default]
2025-12-03T11:31:20.434+08:00  INFO 36016 --- [springboot_backend] [restartedMain] o.s.o.j.p.SpringPersistenceUnitInfo      : No LoadTimeWeaver setup: ignoring JPA class transformer
2025-12-03T11:31:20.436+08:00  INFO 36016 --- [springboot_backend] [restartedMain] com.zaxxer.hikari.HikariDataSource       : HikariPool-2 - Starting...
2025-12-03T11:31:20.439+08:00  INFO 36016 --- [springboot_backend] [restartedMain] com.zaxxer.hikari.pool.HikariPool        : HikariPool-2 - Added connection conn10: url=jdbc:h2:mem:talk2me user=SA
2025-12-03T11:31:20.439+08:00  INFO 36016 --- [springboot_backend] [restartedMain] com.zaxxer.hikari.HikariDataSource       : HikariPool-2 - Start completed.
2025-12-03T11:31:20.440+08:00  WARN 36016 --- [springboot_backend] [restartedMain] org.hibernate.orm.deprecation            : HHH90000025: H2Dialect does not need to be specified explicitly using 'hibernate.dialect' (remove the property setting and it will be selected by default)
2025-12-03T11:31:20.441+08:00  INFO 36016 --- [springboot_backend] [restartedMain] org.hibernate.orm.connections.pooling    : HHH10001005: Database info:
	Database JDBC URL [jdbc:h2:mem:talk2me]
	Database driver: H2 JDBC Driver
	Database dialect: H2Dialect
	Database version: 2.4.240
	Default catalog/schema: TALK2ME/PUBLIC
	Autocommit mode: undefined/unknown
	Isolation level: READ_COMMITTED [default READ_COMMITTED]
	JDBC fetch size: 100
	Pool: DatasourceConnectionProviderImpl
	Minimum pool size: undefined/unknown
	Maximum pool size: undefined/unknown
2025-12-03T11:31:20.503+08:00  INFO 36016 --- [springboot_backend] [restartedMain] o.h.e.t.j.p.i.JtaPlatformInitiator       : HHH000489: No JTA platform available (set 'hibernate.transaction.jta.platform' to enable JTA platform integration)
2025-12-03T11:31:20.509+08:00  INFO 36016 --- [springboot_backend] [restartedMain] j.LocalContainerEntityManagerFactoryBean : Initialized JPA EntityManagerFactory for persistence unit 'default'
2025-12-03T11:31:20.623+08:00 DEBUG 36016 --- [springboot_backend] [restartedMain] c.e.s.c.s.JwtAuthenticationFilter        : Filter 'jwtAuthenticationFilter' configured for use
2025-12-03T11:31:20.657+08:00  INFO 36016 --- [springboot_backend] [restartedMain] r$InitializeUserDetailsManagerConfigurer : Global AuthenticationManager configured with UserDetailsService bean with name userDetailsServiceImpl
2025-12-03T11:31:20.685+08:00  WARN 36016 --- [springboot_backend] [restartedMain] JpaBaseConfiguration$JpaWebConfiguration : spring.jpa.open-in-view is enabled by default. Therefore, database queries may be performed during view rendering. Explicitly configure spring.jpa.open-in-view to disable this warning
2025-12-03T11:31:21.120+08:00  INFO 36016 --- [springboot_backend] [restartedMain] o.s.boot.tomcat.TomcatWebServer          : Tomcat started on port 8099 (http) with context path '/'
2025-12-03T11:31:21.123+08:00  INFO 36016 --- [springboot_backend] [restartedMain] c.e.s.SpringbootBackendApplication       : Started SpringbootBackendApplication in 1.225 seconds (process running for 45.702)
2025-12-03T11:31:21.124+08:00  INFO 36016 --- [springboot_backend] [restartedMain] .ConditionEvaluationDeltaLoggingListener : Condition evaluation unchanged
2025-12-03T11:31:23.511+08:00  INFO 36016 --- [springboot_backend] [File Watcher] rtingClassPathChangeChangedEventListener : Restarting due to 1 class path change (0 additions, 0 deletions, 1 modification)
2025-12-03T11:31:23.512+08:00  INFO 36016 --- [springboot_backend] [Thread-5] o.s.boot.tomcat.GracefulShutdown         : Commencing graceful shutdown. Waiting for active requests to complete
2025-12-03T11:31:23.529+08:00  INFO 36016 --- [springboot_backend] [tomcat-shutdown] o.s.boot.tomcat.GracefulShutdown         : Graceful shutdown complete
2025-12-03T11:31:23.547+08:00  INFO 36016 --- [springboot_backend] [Thread-5] j.LocalContainerEntityManagerFactoryBean : Closing JPA EntityManagerFactory for persistence unit 'default'
2025-12-03T11:31:23.550+08:00  WARN 36016 --- [springboot_backend] [Thread-5] o.s.b.f.support.DisposableBeanAdapter    : Invocation of destroy method failed on bean with name 'inMemoryDatabaseShutdownExecutor': org.h2.jdbc.JdbcSQLNonTransientConnectionException: Database is already closed (to disable automatic closing at VM shutdown, add ";DB_CLOSE_ON_EXIT=FALSE" to the db URL) [90121-240]
2025-12-03T11:31:23.551+08:00  INFO 36016 --- [springboot_backend] [Thread-5] com.zaxxer.hikari.HikariDataSource       : HikariPool-2 - Shutdown initiated...
2025-12-03T11:31:23.552+08:00  INFO 36016 --- [springboot_backend] [Thread-5] com.zaxxer.hikari.HikariDataSource       : HikariPool-2 - Shutdown completed.
2025-12-03T11:31:23.646+08:00  INFO 36016 --- [springboot_backend] [restartedMain] c.e.s.SpringbootBackendApplication       : Starting SpringbootBackendApplication using Java 21.0.8 with PID 36016 (D:\_Files\Talk2Me-Forum\springboot_backend\target\classes started by Flo in D:\_Files\Talk2Me-Forum\springboot_backend)
2025-12-03T11:31:23.647+08:00 DEBUG 36016 --- [springboot_backend] [restartedMain] c.e.s.SpringbootBackendApplication       : Running with Spring Boot v4.0.0, Spring v7.0.1
2025-12-03T11:31:23.647+08:00  INFO 36016 --- [springboot_backend] [restartedMain] c.e.s.SpringbootBackendApplication       : The following 1 profile is active: "dev"
2025-12-03T11:31:23.822+08:00  INFO 36016 --- [springboot_backend] [restartedMain] .s.d.r.c.RepositoryConfigurationDelegate : Multiple Spring Data modules found, entering strict repository configuration mode
2025-12-03T11:31:23.822+08:00  INFO 36016 --- [springboot_backend] [restartedMain] .s.d.r.c.RepositoryConfigurationDelegate : Bootstrapping Spring Data JPA repositories in DEFAULT mode.
2025-12-03T11:31:23.839+08:00  INFO 36016 --- [springboot_backend] [restartedMain] .s.d.r.c.RepositoryConfigurationDelegate : Finished Spring Data repository scanning in 15 ms. Found 1 JPA repository interface.
2025-12-03T11:31:23.845+08:00  INFO 36016 --- [springboot_backend] [restartedMain] .s.d.r.c.RepositoryConfigurationDelegate : Multiple Spring Data modules found, entering strict repository configuration mode
2025-12-03T11:31:23.846+08:00  INFO 36016 --- [springboot_backend] [restartedMain] .s.d.r.c.RepositoryConfigurationDelegate : Bootstrapping Spring Data Redis repositories in DEFAULT mode.
2025-12-03T11:31:23.855+08:00  INFO 36016 --- [springboot_backend] [restartedMain] .RepositoryConfigurationExtensionSupport : Spring Data Redis - Could not safely identify store assignment for repository candidate interface com.example.springboot_backend.talk2me.user.repository.UserRepository; If you want this repository to be a Redis repository, consider annotating your entities with one of these annotations: org.springframework.data.redis.core.RedisHash (preferred), or consider extending one of the following types with your repository: org.springframework.data.keyvalue.repository.KeyValueRepository
2025-12-03T11:31:23.855+08:00  INFO 36016 --- [springboot_backend] [restartedMain] .s.d.r.c.RepositoryConfigurationDelegate : Finished Spring Data repository scanning in 8 ms. Found 0 Redis repository interfaces.
2025-12-03T11:31:23.969+08:00  INFO 36016 --- [springboot_backend] [restartedMain] o.s.boot.tomcat.TomcatWebServer          : Tomcat initialized with port 8099 (http)
2025-12-03T11:31:23.970+08:00  INFO 36016 --- [springboot_backend] [restartedMain] o.apache.catalina.core.StandardService   : Starting service [Tomcat]
2025-12-03T11:31:23.970+08:00  INFO 36016 --- [springboot_backend] [restartedMain] o.apache.catalina.core.StandardEngine    : Starting Servlet engine: [Apache Tomcat/11.0.14]
2025-12-03T11:31:23.993+08:00  INFO 36016 --- [springboot_backend] [restartedMain] b.w.c.s.WebApplicationContextInitializer : Root WebApplicationContext: initialization completed in 344 ms
2025-12-03T11:31:24.053+08:00  INFO 36016 --- [springboot_backend] [restartedMain] o.hibernate.jpa.internal.util.LogHelper  : HHH000204: Processing PersistenceUnitInfo [name: default]
2025-12-03T11:31:24.085+08:00  INFO 36016 --- [springboot_backend] [restartedMain] o.s.o.j.p.SpringPersistenceUnitInfo      : No LoadTimeWeaver setup: ignoring JPA class transformer
2025-12-03T11:31:24.086+08:00  INFO 36016 --- [springboot_backend] [restartedMain] com.zaxxer.hikari.HikariDataSource       : HikariPool-3 - Starting...
2025-12-03T11:31:24.088+08:00  INFO 36016 --- [springboot_backend] [restartedMain] com.zaxxer.hikari.pool.HikariPool        : HikariPool-3 - Added connection conn20: url=jdbc:h2:mem:talk2me user=SA
2025-12-03T11:31:24.088+08:00  INFO 36016 --- [springboot_backend] [restartedMain] com.zaxxer.hikari.HikariDataSource       : HikariPool-3 - Start completed.
2025-12-03T11:31:24.089+08:00  WARN 36016 --- [springboot_backend] [restartedMain] org.hibernate.orm.deprecation            : HHH90000025: H2Dialect does not need to be specified explicitly using 'hibernate.dialect' (remove the property setting and it will be selected by default)
2025-12-03T11:31:24.089+08:00  INFO 36016 --- [springboot_backend] [restartedMain] org.hibernate.orm.connections.pooling    : HHH10001005: Database info:
	Database JDBC URL [jdbc:h2:mem:talk2me]
	Database driver: H2 JDBC Driver
	Database dialect: H2Dialect
	Database version: 2.4.240
	Default catalog/schema: TALK2ME/PUBLIC
	Autocommit mode: undefined/unknown
	Isolation level: READ_COMMITTED [default READ_COMMITTED]
	JDBC fetch size: 100
	Pool: DatasourceConnectionProviderImpl
	Minimum pool size: undefined/unknown
	Maximum pool size: undefined/unknown
2025-12-03T11:31:24.141+08:00  INFO 36016 --- [springboot_backend] [restartedMain] o.h.e.t.j.p.i.JtaPlatformInitiator       : HHH000489: No JTA platform available (set 'hibernate.transaction.jta.platform' to enable JTA platform integration)
2025-12-03T11:31:24.152+08:00  INFO 36016 --- [springboot_backend] [restartedMain] j.LocalContainerEntityManagerFactoryBean : Initialized JPA EntityManagerFactory for persistence unit 'default'
2025-12-03T11:31:24.233+08:00 DEBUG 36016 --- [springboot_backend] [restartedMain] c.e.s.c.s.JwtAuthenticationFilter        : Filter 'jwtAuthenticationFilter' configured for use
2025-12-03T11:31:24.272+08:00  INFO 36016 --- [springboot_backend] [restartedMain] r$InitializeUserDetailsManagerConfigurer : Global AuthenticationManager configured with UserDetailsService bean with name userDetailsServiceImpl
2025-12-03T11:31:24.308+08:00  WARN 36016 --- [springboot_backend] [restartedMain] JpaBaseConfiguration$JpaWebConfiguration : spring.jpa.open-in-view is enabled by default. Therefore, database queries may be performed during view rendering. Explicitly configure spring.jpa.open-in-view to disable this warning
2025-12-03T11:31:24.747+08:00  INFO 36016 --- [springboot_backend] [restartedMain] o.s.boot.tomcat.TomcatWebServer          : Tomcat started on port 8099 (http) with context path '/'
2025-12-03T11:31:24.749+08:00  INFO 36016 --- [springboot_backend] [restartedMain] c.e.s.SpringbootBackendApplication       : Started SpringbootBackendApplication in 1.125 seconds (process running for 49.328)
2025-12-03T11:31:24.750+08:00  INFO 36016 --- [springboot_backend] [restartedMain] .ConditionEvaluationDeltaLoggingListener : Condition evaluation unchanged
2025-12-03T11:31:34.286+08:00  INFO 36016 --- [springboot_backend] [File Watcher] rtingClassPathChangeChangedEventListener : Restarting due to 1 class path change (0 additions, 0 deletions, 1 modification)
2025-12-03T11:31:34.287+08:00  INFO 36016 --- [springboot_backend] [Thread-10] o.s.boot.tomcat.GracefulShutdown         : Commencing graceful shutdown. Waiting for active requests to complete
2025-12-03T11:31:34.297+08:00  INFO 36016 --- [springboot_backend] [tomcat-shutdown] o.s.boot.tomcat.GracefulShutdown         : Graceful shutdown complete
2025-12-03T11:31:34.303+08:00  INFO 36016 --- [springboot_backend] [Thread-10] j.LocalContainerEntityManagerFactoryBean : Closing JPA EntityManagerFactory for persistence unit 'default'
2025-12-03T11:31:34.304+08:00  WARN 36016 --- [springboot_backend] [Thread-10] o.s.b.f.support.DisposableBeanAdapter    : Invocation of destroy method failed on bean with name 'inMemoryDatabaseShutdownExecutor': org.h2.jdbc.JdbcSQLNonTransientConnectionException: Database is already closed (to disable automatic closing at VM shutdown, add ";DB_CLOSE_ON_EXIT=FALSE" to the db URL) [90121-240]
2025-12-03T11:31:34.304+08:00  INFO 36016 --- [springboot_backend] [Thread-10] com.zaxxer.hikari.HikariDataSource       : HikariPool-3 - Shutdown initiated...
2025-12-03T11:31:34.304+08:00  INFO 36016 --- [springboot_backend] [Thread-10] com.zaxxer.hikari.HikariDataSource       : HikariPool-3 - Shutdown completed.
2025-12-03T11:31:34.402+08:00  INFO 36016 --- [springboot_backend] [restartedMain] c.e.s.SpringbootBackendApplication       : Starting SpringbootBackendApplication using Java 21.0.8 with PID 36016 (D:\_Files\Talk2Me-Forum\springboot_backend\target\classes started by Flo in D:\_Files\Talk2Me-Forum\springboot_backend)
2025-12-03T11:31:34.402+08:00 DEBUG 36016 --- [springboot_backend] [restartedMain] c.e.s.SpringbootBackendApplication       : Running with Spring Boot v4.0.0, Spring v7.0.1
2025-12-03T11:31:34.402+08:00  INFO 36016 --- [springboot_backend] [restartedMain] c.e.s.SpringbootBackendApplication       : The following 1 profile is active: "dev"
2025-12-03T11:31:34.583+08:00  INFO 36016 --- [springboot_backend] [restartedMain] .s.d.r.c.RepositoryConfigurationDelegate : Multiple Spring Data modules found, entering strict repository configuration mode
2025-12-03T11:31:34.583+08:00  INFO 36016 --- [springboot_backend] [restartedMain] .s.d.r.c.RepositoryConfigurationDelegate : Bootstrapping Spring Data JPA repositories in DEFAULT mode.
2025-12-03T11:31:34.603+08:00  INFO 36016 --- [springboot_backend] [restartedMain] .s.d.r.c.RepositoryConfigurationDelegate : Finished Spring Data repository scanning in 18 ms. Found 1 JPA repository interface.
2025-12-03T11:31:34.611+08:00  INFO 36016 --- [springboot_backend] [restartedMain] .s.d.r.c.RepositoryConfigurationDelegate : Multiple Spring Data modules found, entering strict repository configuration mode
2025-12-03T11:31:34.612+08:00  INFO 36016 --- [springboot_backend] [restartedMain] .s.d.r.c.RepositoryConfigurationDelegate : Bootstrapping Spring Data Redis repositories in DEFAULT mode.
2025-12-03T11:31:34.621+08:00  INFO 36016 --- [springboot_backend] [restartedMain] .RepositoryConfigurationExtensionSupport : Spring Data Redis - Could not safely identify store assignment for repository candidate interface com.example.springboot_backend.talk2me.user.repository.UserRepository; If you want this repository to be a Redis repository, consider annotating your entities with one of these annotations: org.springframework.data.redis.core.RedisHash (preferred), or consider extending one of the following types with your repository: org.springframework.data.keyvalue.repository.KeyValueRepository
2025-12-03T11:31:34.622+08:00  INFO 36016 --- [springboot_backend] [restartedMain] .s.d.r.c.RepositoryConfigurationDelegate : Finished Spring Data repository scanning in 8 ms. Found 0 Redis repository interfaces.
2025-12-03T11:31:34.748+08:00  INFO 36016 --- [springboot_backend] [restartedMain] o.s.boot.tomcat.TomcatWebServer          : Tomcat initialized with port 8099 (http)
2025-12-03T11:31:34.749+08:00  INFO 36016 --- [springboot_backend] [restartedMain] o.apache.catalina.core.StandardService   : Starting service [Tomcat]
2025-12-03T11:31:34.749+08:00  INFO 36016 --- [springboot_backend] [restartedMain] o.apache.catalina.core.StandardEngine    : Starting Servlet engine: [Apache Tomcat/11.0.14]
2025-12-03T11:31:34.772+08:00  INFO 36016 --- [springboot_backend] [restartedMain] b.w.c.s.WebApplicationContextInitializer : Root WebApplicationContext: initialization completed in 368 ms
2025-12-03T11:31:34.830+08:00  INFO 36016 --- [springboot_backend] [restartedMain] o.hibernate.jpa.internal.util.LogHelper  : HHH000204: Processing PersistenceUnitInfo [name: default]
2025-12-03T11:31:34.864+08:00  INFO 36016 --- [springboot_backend] [restartedMain] o.s.o.j.p.SpringPersistenceUnitInfo      : No LoadTimeWeaver setup: ignoring JPA class transformer
2025-12-03T11:31:34.865+08:00  INFO 36016 --- [springboot_backend] [restartedMain] com.zaxxer.hikari.HikariDataSource       : HikariPool-4 - Starting...
2025-12-03T11:31:34.868+08:00  INFO 36016 --- [springboot_backend] [restartedMain] com.zaxxer.hikari.pool.HikariPool        : HikariPool-4 - Added connection conn30: url=jdbc:h2:mem:talk2me user=SA
2025-12-03T11:31:34.868+08:00  INFO 36016 --- [springboot_backend] [restartedMain] com.zaxxer.hikari.HikariDataSource       : HikariPool-4 - Start completed.
2025-12-03T11:31:34.869+08:00  WARN 36016 --- [springboot_backend] [restartedMain] org.hibernate.orm.deprecation            : HHH90000025: H2Dialect does not need to be specified explicitly using 'hibernate.dialect' (remove the property setting and it will be selected by default)
2025-12-03T11:31:34.869+08:00  INFO 36016 --- [springboot_backend] [restartedMain] org.hibernate.orm.connections.pooling    : HHH10001005: Database info:
	Database JDBC URL [jdbc:h2:mem:talk2me]
	Database driver: H2 JDBC Driver
	Database dialect: H2Dialect
	Database version: 2.4.240
	Default catalog/schema: TALK2ME/PUBLIC
	Autocommit mode: undefined/unknown
	Isolation level: READ_COMMITTED [default READ_COMMITTED]
	JDBC fetch size: 100
	Pool: DatasourceConnectionProviderImpl
	Minimum pool size: undefined/unknown
	Maximum pool size: undefined/unknown
2025-12-03T11:31:34.920+08:00  INFO 36016 --- [springboot_backend] [restartedMain] o.h.e.t.j.p.i.JtaPlatformInitiator       : HHH000489: No JTA platform available (set 'hibernate.transaction.jta.platform' to enable JTA platform integration)
2025-12-03T11:31:34.924+08:00  INFO 36016 --- [springboot_backend] [restartedMain] j.LocalContainerEntityManagerFactoryBean : Initialized JPA EntityManagerFactory for persistence unit 'default'
2025-12-03T11:31:35.001+08:00 DEBUG 36016 --- [springboot_backend] [restartedMain] c.e.s.c.s.JwtAuthenticationFilter        : Filter 'jwtAuthenticationFilter' configured for use
2025-12-03T11:31:35.033+08:00  INFO 36016 --- [springboot_backend] [restartedMain] r$InitializeUserDetailsManagerConfigurer : Global AuthenticationManager configured with UserDetailsService bean with name userDetailsServiceImpl
2025-12-03T11:31:35.060+08:00  WARN 36016 --- [springboot_backend] [restartedMain] JpaBaseConfiguration$JpaWebConfiguration : spring.jpa.open-in-view is enabled by default. Therefore, database queries may be performed during view rendering. Explicitly configure spring.jpa.open-in-view to disable this warning
2025-12-03T11:31:35.499+08:00  INFO 36016 --- [springboot_backend] [restartedMain] o.s.boot.tomcat.TomcatWebServer          : Tomcat started on port 8099 (http) with context path '/'
2025-12-03T11:31:35.502+08:00  INFO 36016 --- [springboot_backend] [restartedMain] c.e.s.SpringbootBackendApplication       : Started SpringbootBackendApplication in 1.122 seconds (process running for 60.081)
2025-12-03T11:31:35.503+08:00  INFO 36016 --- [springboot_backend] [restartedMain] .ConditionEvaluationDeltaLoggingListener : Condition evaluation unchanged
2025-12-03T11:31:42.998+08:00  INFO 36016 --- [springboot_backend] [File Watcher] rtingClassPathChangeChangedEventListener : Restarting due to 1 class path change (0 additions, 0 deletions, 1 modification)
2025-12-03T11:31:43.000+08:00  INFO 36016 --- [springboot_backend] [Thread-14] o.s.boot.tomcat.GracefulShutdown         : Commencing graceful shutdown. Waiting for active requests to complete
2025-12-03T11:31:43.013+08:00  INFO 36016 --- [springboot_backend] [tomcat-shutdown] o.s.boot.tomcat.GracefulShutdown         : Graceful shutdown complete
2025-12-03T11:31:43.034+08:00  INFO 36016 --- [springboot_backend] [Thread-14] j.LocalContainerEntityManagerFactoryBean : Closing JPA EntityManagerFactory for persistence unit 'default'
2025-12-03T11:31:43.036+08:00  WARN 36016 --- [springboot_backend] [Thread-14] o.s.b.f.support.DisposableBeanAdapter    : Invocation of destroy method failed on bean with name 'inMemoryDatabaseShutdownExecutor': org.h2.jdbc.JdbcSQLNonTransientConnectionException: Database is already closed (to disable automatic closing at VM shutdown, add ";DB_CLOSE_ON_EXIT=FALSE" to the db URL) [90121-240]
2025-12-03T11:31:43.036+08:00  INFO 36016 --- [springboot_backend] [Thread-14] com.zaxxer.hikari.HikariDataSource       : HikariPool-4 - Shutdown initiated...
2025-12-03T11:31:43.037+08:00  INFO 36016 --- [springboot_backend] [Thread-14] com.zaxxer.hikari.HikariDataSource       : HikariPool-4 - Shutdown completed.
2025-12-03T11:31:43.122+08:00  INFO 36016 --- [springboot_backend] [restartedMain] c.e.s.SpringbootBackendApplication       : Starting SpringbootBackendApplication using Java 21.0.8 with PID 36016 (D:\_Files\Talk2Me-Forum\springboot_backend\target\classes started by Flo in D:\_Files\Talk2Me-Forum\springboot_backend)
2025-12-03T11:31:43.122+08:00 DEBUG 36016 --- [springboot_backend] [restartedMain] c.e.s.SpringbootBackendApplication       : Running with Spring Boot v4.0.0, Spring v7.0.1
2025-12-03T11:31:43.122+08:00  INFO 36016 --- [springboot_backend] [restartedMain] c.e.s.SpringbootBackendApplication       : The following 1 profile is active: "dev"
2025-12-03T11:31:43.272+08:00  INFO 36016 --- [springboot_backend] [restartedMain] .s.d.r.c.RepositoryConfigurationDelegate : Multiple Spring Data modules found, entering strict repository configuration mode
2025-12-03T11:31:43.272+08:00  INFO 36016 --- [springboot_backend] [restartedMain] .s.d.r.c.RepositoryConfigurationDelegate : Bootstrapping Spring Data JPA repositories in DEFAULT mode.
2025-12-03T11:31:43.294+08:00  INFO 36016 --- [springboot_backend] [restartedMain] .s.d.r.c.RepositoryConfigurationDelegate : Finished Spring Data repository scanning in 20 ms. Found 1 JPA repository interface.
2025-12-03T11:31:43.302+08:00  INFO 36016 --- [springboot_backend] [restartedMain] .s.d.r.c.RepositoryConfigurationDelegate : Multiple Spring Data modules found, entering strict repository configuration mode
2025-12-03T11:31:43.304+08:00  INFO 36016 --- [springboot_backend] [restartedMain] .s.d.r.c.RepositoryConfigurationDelegate : Bootstrapping Spring Data Redis repositories in DEFAULT mode.
2025-12-03T11:31:43.314+08:00  INFO 36016 --- [springboot_backend] [restartedMain] .RepositoryConfigurationExtensionSupport : Spring Data Redis - Could not safely identify store assignment for repository candidate interface com.example.springboot_backend.talk2me.user.repository.UserRepository; If you want this repository to be a Redis repository, consider annotating your entities with one of these annotations: org.springframework.data.redis.core.RedisHash (preferred), or consider extending one of the following types with your repository: org.springframework.data.keyvalue.repository.KeyValueRepository
2025-12-03T11:31:43.337+08:00  INFO 36016 --- [springboot_backend] [restartedMain] .s.d.r.c.RepositoryConfigurationDelegate : Finished Spring Data repository scanning in 30 ms. Found 0 Redis repository interfaces.
2025-12-03T11:31:43.471+08:00  INFO 36016 --- [springboot_backend] [restartedMain] o.s.boot.tomcat.TomcatWebServer          : Tomcat initialized with port 8099 (http)
2025-12-03T11:31:43.474+08:00  INFO 36016 --- [springboot_backend] [restartedMain] o.apache.catalina.core.StandardService   : Starting service [Tomcat]
2025-12-03T11:31:43.474+08:00  INFO 36016 --- [springboot_backend] [restartedMain] o.apache.catalina.core.StandardEngine    : Starting Servlet engine: [Apache Tomcat/11.0.14]
2025-12-03T11:31:43.515+08:00  INFO 36016 --- [springboot_backend] [restartedMain] b.w.c.s.WebApplicationContextInitializer : Root WebApplicationContext: initialization completed in 391 ms
2025-12-03T11:31:43.554+08:00  INFO 36016 --- [springboot_backend] [restartedMain] o.hibernate.jpa.internal.util.LogHelper  : HHH000204: Processing PersistenceUnitInfo [name: default]
2025-12-03T11:31:43.588+08:00  INFO 36016 --- [springboot_backend] [restartedMain] o.s.o.j.p.SpringPersistenceUnitInfo      : No LoadTimeWeaver setup: ignoring JPA class transformer
2025-12-03T11:31:43.589+08:00  INFO 36016 --- [springboot_backend] [restartedMain] com.zaxxer.hikari.HikariDataSource       : HikariPool-5 - Starting...
2025-12-03T11:31:43.593+08:00  INFO 36016 --- [springboot_backend] [restartedMain] com.zaxxer.hikari.pool.HikariPool        : HikariPool-5 - Added connection conn40: url=jdbc:h2:mem:talk2me user=SA
2025-12-03T11:31:43.593+08:00  INFO 36016 --- [springboot_backend] [restartedMain] com.zaxxer.hikari.HikariDataSource       : HikariPool-5 - Start completed.
2025-12-03T11:31:43.593+08:00  WARN 36016 --- [springboot_backend] [restartedMain] org.hibernate.orm.deprecation            : HHH90000025: H2Dialect does not need to be specified explicitly using 'hibernate.dialect' (remove the property setting and it will be selected by default)
2025-12-03T11:31:43.595+08:00  INFO 36016 --- [springboot_backend] [restartedMain] org.hibernate.orm.connections.pooling    : HHH10001005: Database info:
	Database JDBC URL [jdbc:h2:mem:talk2me]
	Database driver: H2 JDBC Driver
	Database dialect: H2Dialect
	Database version: 2.4.240
	Default catalog/schema: TALK2ME/PUBLIC
	Autocommit mode: undefined/unknown
	Isolation level: READ_COMMITTED [default READ_COMMITTED]
	JDBC fetch size: 100
	Pool: DatasourceConnectionProviderImpl
	Minimum pool size: undefined/unknown
	Maximum pool size: undefined/unknown
2025-12-03T11:31:43.660+08:00  INFO 36016 --- [springboot_backend] [restartedMain] o.h.e.t.j.p.i.JtaPlatformInitiator       : HHH000489: No JTA platform available (set 'hibernate.transaction.jta.platform' to enable JTA platform integration)
2025-12-03T11:31:43.662+08:00  INFO 36016 --- [springboot_backend] [restartedMain] j.LocalContainerEntityManagerFactoryBean : Initialized JPA EntityManagerFactory for persistence unit 'default'
2025-12-03T11:31:43.750+08:00 DEBUG 36016 --- [springboot_backend] [restartedMain] c.e.s.c.s.JwtAuthenticationFilter        : Filter 'jwtAuthenticationFilter' configured for use
2025-12-03T11:31:43.782+08:00  INFO 36016 --- [springboot_backend] [restartedMain] r$InitializeUserDetailsManagerConfigurer : Global AuthenticationManager configured with UserDetailsService bean with name userDetailsServiceImpl
2025-12-03T11:31:43.810+08:00  WARN 36016 --- [springboot_backend] [restartedMain] JpaBaseConfiguration$JpaWebConfiguration : spring.jpa.open-in-view is enabled by default. Therefore, database queries may be performed during view rendering. Explicitly configure spring.jpa.open-in-view to disable this warning
2025-12-03T11:31:44.254+08:00  INFO 36016 --- [springboot_backend] [restartedMain] o.s.boot.tomcat.TomcatWebServer          : Tomcat started on port 8099 (http) with context path '/'
2025-12-03T11:31:44.257+08:00  INFO 36016 --- [springboot_backend] [restartedMain] c.e.s.SpringbootBackendApplication       : Started SpringbootBackendApplication in 1.16 seconds (process running for 68.835)
2025-12-03T11:31:44.257+08:00  INFO 36016 --- [springboot_backend] [restartedMain] .ConditionEvaluationDeltaLoggingListener : Condition evaluation unchanged
2025-12-03T11:32:08.535+08:00  INFO 36016 --- [springboot_backend] [SpringApplicationShutdownHook] o.s.boot.tomcat.GracefulShutdown         : Commencing graceful shutdown. Waiting for active requests to complete
2025-12-03T11:32:08.546+08:00  INFO 36016 --- [springboot_backend] [tomcat-shutdown] o.s.boot.tomcat.GracefulShutdown         : Graceful shutdown complete
2025-12-03T11:32:08.552+08:00  INFO 36016 --- [springboot_backend] [SpringApplicationShutdownHook] j.LocalContainerEntityManagerFactoryBean : Closing JPA EntityManagerFactory for persistence unit 'default'
2025-12-03T11:32:08.553+08:00  WARN 36016 --- [springboot_backend] [SpringApplicationShutdownHook] o.s.b.f.support.DisposableBeanAdapter    : Invocation of destroy method failed on bean with name 'inMemoryDatabaseShutdownExecutor': org.h2.jdbc.JdbcSQLNonTransientConnectionException: Database is already closed (to disable automatic closing at VM shutdown, add ";DB_CLOSE_ON_EXIT=FALSE" to the db URL) [90121-240]
2025-12-03T11:32:08.553+08:00  INFO 36016 --- [springboot_backend] [SpringApplicationShutdownHook] com.zaxxer.hikari.HikariDataSource       : HikariPool-5 - Shutdown initiated...
2025-12-03T11:32:08.554+08:00  INFO 36016 --- [springboot_backend] [SpringApplicationShutdownHook] com.zaxxer.hikari.HikariDataSource       : HikariPool-5 - Shutdown completed.
2025-12-03T11:32:13.477+08:00  INFO 33952 --- [springboot_backend] [restartedMain] c.e.s.SpringbootBackendApplication       : Starting SpringbootBackendApplication using Java 21.0.8 with PID 33952 (D:\_Files\Talk2Me-Forum\springboot_backend\target\classes started by Flo in D:\_Files\Talk2Me-Forum\springboot_backend)
2025-12-03T11:32:13.479+08:00 DEBUG 33952 --- [springboot_backend] [restartedMain] c.e.s.SpringbootBackendApplication       : Running with Spring Boot v4.0.0, Spring v7.0.1
2025-12-03T11:32:13.480+08:00  INFO 33952 --- [springboot_backend] [restartedMain] c.e.s.SpringbootBackendApplication       : The following 1 profile is active: "dev"
2025-12-03T11:32:13.516+08:00  INFO 33952 --- [springboot_backend] [restartedMain] .e.DevToolsPropertyDefaultsPostProcessor : Devtools property defaults active! Set 'spring.devtools.add-properties' to 'false' to disable
2025-12-03T11:32:13.517+08:00  INFO 33952 --- [springboot_backend] [restartedMain] .e.DevToolsPropertyDefaultsPostProcessor : For additional web related logging consider setting the 'logging.level.web' property to 'DEBUG'
2025-12-03T11:32:14.061+08:00  INFO 33952 --- [springboot_backend] [restartedMain] .s.d.r.c.RepositoryConfigurationDelegate : Multiple Spring Data modules found, entering strict repository configuration mode
2025-12-03T11:32:14.062+08:00  INFO 33952 --- [springboot_backend] [restartedMain] .s.d.r.c.RepositoryConfigurationDelegate : Bootstrapping Spring Data JPA repositories in DEFAULT mode.
2025-12-03T11:32:14.156+08:00  INFO 33952 --- [springboot_backend] [restartedMain] .s.d.r.c.RepositoryConfigurationDelegate : Finished Spring Data repository scanning in 88 ms. Found 1 JPA repository interface.
2025-12-03T11:32:14.182+08:00  INFO 33952 --- [springboot_backend] [restartedMain] .s.d.r.c.RepositoryConfigurationDelegate : Multiple Spring Data modules found, entering strict repository configuration mode
2025-12-03T11:32:14.183+08:00  INFO 33952 --- [springboot_backend] [restartedMain] .s.d.r.c.RepositoryConfigurationDelegate : Bootstrapping Spring Data Redis repositories in DEFAULT mode.
2025-12-03T11:32:14.195+08:00  INFO 33952 --- [springboot_backend] [restartedMain] .RepositoryConfigurationExtensionSupport : Spring Data Redis - Could not safely identify store assignment for repository candidate interface com.example.springboot_backend.talk2me.user.repository.UserRepository; If you want this repository to be a Redis repository, consider annotating your entities with one of these annotations: org.springframework.data.redis.core.RedisHash (preferred), or consider extending one of the following types with your repository: org.springframework.data.keyvalue.repository.KeyValueRepository
2025-12-03T11:32:14.195+08:00  INFO 33952 --- [springboot_backend] [restartedMain] .s.d.r.c.RepositoryConfigurationDelegate : Finished Spring Data repository scanning in 6 ms. Found 0 Redis repository interfaces.
2025-12-03T11:32:14.643+08:00  INFO 33952 --- [springboot_backend] [restartedMain] o.s.boot.tomcat.TomcatWebServer          : Tomcat initialized with port 8099 (http)
2025-12-03T11:32:14.653+08:00  INFO 33952 --- [springboot_backend] [restartedMain] o.apache.catalina.core.StandardService   : Starting service [Tomcat]
2025-12-03T11:32:14.653+08:00  INFO 33952 --- [springboot_backend] [restartedMain] o.apache.catalina.core.StandardEngine    : Starting Servlet engine: [Apache Tomcat/11.0.14]
2025-12-03T11:32:14.681+08:00  INFO 33952 --- [springboot_backend] [restartedMain] b.w.c.s.WebApplicationContextInitializer : Root WebApplicationContext: initialization completed in 1164 ms
2025-12-03T11:32:14.772+08:00  INFO 33952 --- [springboot_backend] [restartedMain] o.hibernate.jpa.internal.util.LogHelper  : HHH000204: Processing PersistenceUnitInfo [name: default]
2025-12-03T11:32:14.798+08:00  INFO 33952 --- [springboot_backend] [restartedMain] org.hibernate.Version                    : HHH000412: Hibernate ORM core version 7.1.8.Final
2025-12-03T11:32:15.076+08:00  INFO 33952 --- [springboot_backend] [restartedMain] o.s.o.j.p.SpringPersistenceUnitInfo      : No LoadTimeWeaver setup: ignoring JPA class transformer
2025-12-03T11:32:15.095+08:00  INFO 33952 --- [springboot_backend] [restartedMain] com.zaxxer.hikari.HikariDataSource       : HikariPool-1 - Starting...
2025-12-03T11:32:15.204+08:00  INFO 33952 --- [springboot_backend] [restartedMain] com.zaxxer.hikari.pool.HikariPool        : HikariPool-1 - Added connection conn0: url=jdbc:h2:mem:talk2me user=SA
2025-12-03T11:32:15.206+08:00  INFO 33952 --- [springboot_backend] [restartedMain] com.zaxxer.hikari.HikariDataSource       : HikariPool-1 - Start completed.
2025-12-03T11:32:15.219+08:00  WARN 33952 --- [springboot_backend] [restartedMain] org.hibernate.orm.deprecation            : HHH90000025: H2Dialect does not need to be specified explicitly using 'hibernate.dialect' (remove the property setting and it will be selected by default)
2025-12-03T11:32:15.232+08:00  INFO 33952 --- [springboot_backend] [restartedMain] org.hibernate.orm.connections.pooling    : HHH10001005: Database info:
	Database JDBC URL [jdbc:h2:mem:talk2me]
	Database driver: H2 JDBC Driver
	Database dialect: H2Dialect
	Database version: 2.4.240
	Default catalog/schema: TALK2ME/PUBLIC
	Autocommit mode: undefined/unknown
	Isolation level: READ_COMMITTED [default READ_COMMITTED]
	JDBC fetch size: 100
	Pool: DatasourceConnectionProviderImpl
	Minimum pool size: undefined/unknown
	Maximum pool size: undefined/unknown
2025-12-03T11:32:15.860+08:00  INFO 33952 --- [springboot_backend] [restartedMain] o.h.e.t.j.p.i.JtaPlatformInitiator       : HHH000489: No JTA platform available (set 'hibernate.transaction.jta.platform' to enable JTA platform integration)
2025-12-03T11:32:15.903+08:00  INFO 33952 --- [springboot_backend] [restartedMain] j.LocalContainerEntityManagerFactoryBean : Initialized JPA EntityManagerFactory for persistence unit 'default'
2025-12-03T11:32:15.950+08:00  INFO 33952 --- [springboot_backend] [restartedMain] o.s.d.j.r.query.QueryEnhancerFactories   : Hibernate is in classpath; If applicable, HQL parser will be used.
2025-12-03T11:32:16.096+08:00 DEBUG 33952 --- [springboot_backend] [restartedMain] c.e.s.c.s.JwtAuthenticationFilter        : Filter 'jwtAuthenticationFilter' configured for use
2025-12-03T11:32:16.139+08:00  INFO 33952 --- [springboot_backend] [restartedMain] r$InitializeUserDetailsManagerConfigurer : Global AuthenticationManager configured with UserDetailsService bean with name userDetailsServiceImpl
2025-12-03T11:32:16.171+08:00  WARN 33952 --- [springboot_backend] [restartedMain] JpaBaseConfiguration$JpaWebConfiguration : spring.jpa.open-in-view is enabled by default. Therefore, database queries may be performed during view rendering. Explicitly configure spring.jpa.open-in-view to disable this warning
2025-12-03T11:32:16.943+08:00  INFO 33952 --- [springboot_backend] [restartedMain] o.s.boot.tomcat.TomcatWebServer          : Tomcat started on port 8099 (http) with context path '/'
2025-12-03T11:32:16.947+08:00  INFO 33952 --- [springboot_backend] [restartedMain] c.e.s.SpringbootBackendApplication       : Started SpringbootBackendApplication in 3.783 seconds (process running for 4.35)
2025-12-03T11:32:46.735+08:00  INFO 33952 --- [springboot_backend] [File Watcher] rtingClassPathChangeChangedEventListener : Restarting due to 1 class path change (0 additions, 0 deletions, 1 modification)
2025-12-03T11:32:46.741+08:00  INFO 33952 --- [springboot_backend] [Thread-1] o.s.boot.tomcat.GracefulShutdown         : Commencing graceful shutdown. Waiting for active requests to complete
2025-12-03T11:32:46.753+08:00  INFO 33952 --- [springboot_backend] [tomcat-shutdown] o.s.boot.tomcat.GracefulShutdown         : Graceful shutdown complete
2025-12-03T11:32:46.768+08:00  INFO 33952 --- [springboot_backend] [Thread-1] j.LocalContainerEntityManagerFactoryBean : Closing JPA EntityManagerFactory for persistence unit 'default'
2025-12-03T11:32:46.773+08:00  WARN 33952 --- [springboot_backend] [Thread-1] o.s.b.f.support.DisposableBeanAdapter    : Invocation of destroy method failed on bean with name 'inMemoryDatabaseShutdownExecutor': org.h2.jdbc.JdbcSQLNonTransientConnectionException: Database is already closed (to disable automatic closing at VM shutdown, add ";DB_CLOSE_ON_EXIT=FALSE" to the db URL) [90121-240]
2025-12-03T11:32:46.774+08:00  INFO 33952 --- [springboot_backend] [Thread-1] com.zaxxer.hikari.HikariDataSource       : HikariPool-1 - Shutdown initiated...
2025-12-03T11:32:46.774+08:00  INFO 33952 --- [springboot_backend] [Thread-1] com.zaxxer.hikari.HikariDataSource       : HikariPool-1 - Shutdown completed.
2025-12-03T11:32:46.851+08:00  INFO 33952 --- [springboot_backend] [restartedMain] c.e.s.SpringbootBackendApplication       : Starting SpringbootBackendApplication using Java 21.0.8 with PID 33952 (D:\_Files\Talk2Me-Forum\springboot_backend\target\classes started by Flo in D:\_Files\Talk2Me-Forum\springboot_backend)
2025-12-03T11:32:46.851+08:00 DEBUG 33952 --- [springboot_backend] [restartedMain] c.e.s.SpringbootBackendApplication       : Running with Spring Boot v4.0.0, Spring v7.0.1
2025-12-03T11:32:46.851+08:00  INFO 33952 --- [springboot_backend] [restartedMain] c.e.s.SpringbootBackendApplication       : The following 1 profile is active: "dev"
2025-12-03T11:32:47.043+08:00  INFO 33952 --- [springboot_backend] [restartedMain] .s.d.r.c.RepositoryConfigurationDelegate : Multiple Spring Data modules found, entering strict repository configuration mode
2025-12-03T11:32:47.043+08:00  INFO 33952 --- [springboot_backend] [restartedMain] .s.d.r.c.RepositoryConfigurationDelegate : Bootstrapping Spring Data JPA repositories in DEFAULT mode.
2025-12-03T11:32:47.064+08:00  INFO 33952 --- [springboot_backend] [restartedMain] .s.d.r.c.RepositoryConfigurationDelegate : Finished Spring Data repository scanning in 18 ms. Found 1 JPA repository interface.
2025-12-03T11:32:47.071+08:00  INFO 33952 --- [springboot_backend] [restartedMain] .s.d.r.c.RepositoryConfigurationDelegate : Multiple Spring Data modules found, entering strict repository configuration mode
2025-12-03T11:32:47.072+08:00  INFO 33952 --- [springboot_backend] [restartedMain] .s.d.r.c.RepositoryConfigurationDelegate : Bootstrapping Spring Data Redis repositories in DEFAULT mode.
2025-12-03T11:32:47.080+08:00  INFO 33952 --- [springboot_backend] [restartedMain] .RepositoryConfigurationExtensionSupport : Spring Data Redis - Could not safely identify store assignment for repository candidate interface com.example.springboot_backend.talk2me.user.repository.UserRepository; If you want this repository to be a Redis repository, consider annotating your entities with one of these annotations: org.springframework.data.redis.core.RedisHash (preferred), or consider extending one of the following types with your repository: org.springframework.data.keyvalue.repository.KeyValueRepository
2025-12-03T11:32:47.081+08:00  INFO 33952 --- [springboot_backend] [restartedMain] .s.d.r.c.RepositoryConfigurationDelegate : Finished Spring Data repository scanning in 6 ms. Found 0 Redis repository interfaces.
2025-12-03T11:32:47.208+08:00  INFO 33952 --- [springboot_backend] [restartedMain] o.s.boot.tomcat.TomcatWebServer          : Tomcat initialized with port 8099 (http)
2025-12-03T11:32:47.209+08:00  INFO 33952 --- [springboot_backend] [restartedMain] o.apache.catalina.core.StandardService   : Starting service [Tomcat]
2025-12-03T11:32:47.209+08:00  INFO 33952 --- [springboot_backend] [restartedMain] o.apache.catalina.core.StandardEngine    : Starting Servlet engine: [Apache Tomcat/11.0.14]
2025-12-03T11:32:47.233+08:00  INFO 33952 --- [springboot_backend] [restartedMain] b.w.c.s.WebApplicationContextInitializer : Root WebApplicationContext: initialization completed in 380 ms
2025-12-03T11:32:47.315+08:00  INFO 33952 --- [springboot_backend] [restartedMain] o.hibernate.jpa.internal.util.LogHelper  : HHH000204: Processing PersistenceUnitInfo [name: default]
2025-12-03T11:32:47.352+08:00  INFO 33952 --- [springboot_backend] [restartedMain] o.s.o.j.p.SpringPersistenceUnitInfo      : No LoadTimeWeaver setup: ignoring JPA class transformer
2025-12-03T11:32:47.353+08:00  INFO 33952 --- [springboot_backend] [restartedMain] com.zaxxer.hikari.HikariDataSource       : HikariPool-2 - Starting...
2025-12-03T11:32:47.356+08:00  INFO 33952 --- [springboot_backend] [restartedMain] com.zaxxer.hikari.pool.HikariPool        : HikariPool-2 - Added connection conn10: url=jdbc:h2:mem:talk2me user=SA
2025-12-03T11:32:47.356+08:00  INFO 33952 --- [springboot_backend] [restartedMain] com.zaxxer.hikari.HikariDataSource       : HikariPool-2 - Start completed.
2025-12-03T11:32:47.357+08:00  WARN 33952 --- [springboot_backend] [restartedMain] org.hibernate.orm.deprecation            : HHH90000025: H2Dialect does not need to be specified explicitly using 'hibernate.dialect' (remove the property setting and it will be selected by default)
2025-12-03T11:32:47.357+08:00  INFO 33952 --- [springboot_backend] [restartedMain] org.hibernate.orm.connections.pooling    : HHH10001005: Database info:
	Database JDBC URL [jdbc:h2:mem:talk2me]
	Database driver: H2 JDBC Driver
	Database dialect: H2Dialect
	Database version: 2.4.240
	Default catalog/schema: TALK2ME/PUBLIC
	Autocommit mode: undefined/unknown
	Isolation level: READ_COMMITTED [default READ_COMMITTED]
	JDBC fetch size: 100
	Pool: DatasourceConnectionProviderImpl
	Minimum pool size: undefined/unknown
	Maximum pool size: undefined/unknown
2025-12-03T11:32:47.421+08:00  INFO 33952 --- [springboot_backend] [restartedMain] o.h.e.t.j.p.i.JtaPlatformInitiator       : HHH000489: No JTA platform available (set 'hibernate.transaction.jta.platform' to enable JTA platform integration)
2025-12-03T11:32:47.425+08:00  INFO 33952 --- [springboot_backend] [restartedMain] j.LocalContainerEntityManagerFactoryBean : Initialized JPA EntityManagerFactory for persistence unit 'default'
2025-12-03T11:32:47.517+08:00 DEBUG 33952 --- [springboot_backend] [restartedMain] c.e.s.c.s.JwtAuthenticationFilter        : Filter 'jwtAuthenticationFilter' configured for use
2025-12-03T11:32:47.554+08:00  INFO 33952 --- [springboot_backend] [restartedMain] r$InitializeUserDetailsManagerConfigurer : Global AuthenticationManager configured with UserDetailsService bean with name userDetailsServiceImpl
2025-12-03T11:32:48.093+08:00  INFO 33952 --- [springboot_backend] [restartedMain] o.s.boot.tomcat.TomcatWebServer          : Tomcat started on port 8099 (http) with context path '/'
2025-12-03T11:32:48.097+08:00  INFO 33952 --- [springboot_backend] [restartedMain] c.e.s.SpringbootBackendApplication       : Started SpringbootBackendApplication in 1.271 seconds (process running for 35.5)
2025-12-03T11:32:48.101+08:00  INFO 33952 --- [springboot_backend] [restartedMain] .ConditionEvaluationDeltaLoggingListener : Condition evaluation delta:


==========================
CONDITION EVALUATION DELTA
==========================


Positive matches:
-----------------

    None


Negative matches:
-----------------

   JpaBaseConfiguration.JpaWebConfiguration:
      Did not match:
         - @ConditionalOnBooleanProperty (spring.jpa.open-in-view=true) found different value in property 'spring.jpa.open-in-view' (OnPropertyCondition)
      Matched:
         - @ConditionalOnClass found required class 'org.springframework.web.servlet.config.annotation.WebMvcConfigurer' (OnClassCondition)
         - found 'session' scope (OnWebApplicationCondition)


Exclusions:
-----------

    None


Unconditional classes:
----------------------

    None



2025-12-03T11:33:11.570+08:00  INFO 33952 --- [springboot_backend] [SpringApplicationShutdownHook] o.s.boot.tomcat.GracefulShutdown         : Commencing graceful shutdown. Waiting for active requests to complete
2025-12-03T11:33:11.590+08:00  INFO 33952 --- [springboot_backend] [tomcat-shutdown] o.s.boot.tomcat.GracefulShutdown         : Graceful shutdown complete
2025-12-03T11:33:11.595+08:00  INFO 33952 --- [springboot_backend] [SpringApplicationShutdownHook] j.LocalContainerEntityManagerFactoryBean : Closing JPA EntityManagerFactory for persistence unit 'default'
2025-12-03T11:33:11.596+08:00  WARN 33952 --- [springboot_backend] [SpringApplicationShutdownHook] o.s.b.f.support.DisposableBeanAdapter    : Invocation of destroy method failed on bean with name 'inMemoryDatabaseShutdownExecutor': org.h2.jdbc.JdbcSQLNonTransientConnectionException: Database is already closed (to disable automatic closing at VM shutdown, add ";DB_CLOSE_ON_EXIT=FALSE" to the db URL) [90121-240]
2025-12-03T11:33:11.597+08:00  INFO 33952 --- [springboot_backend] [SpringApplicationShutdownHook] com.zaxxer.hikari.HikariDataSource       : HikariPool-2 - Shutdown initiated...
2025-12-03T11:33:11.597+08:00  INFO 33952 --- [springboot_backend] [SpringApplicationShutdownHook] com.zaxxer.hikari.HikariDataSource       : HikariPool-2 - Shutdown completed.
2025-12-03T11:33:13.855+08:00  INFO 33848 --- [springboot_backend] [restartedMain] c.e.s.SpringbootBackendApplication       : Starting SpringbootBackendApplication using Java 21.0.8 with PID 33848 (D:\_Files\Talk2Me-Forum\springboot_backend\target\classes started by Flo in D:\_Files\Talk2Me-Forum\springboot_backend)
2025-12-03T11:33:13.857+08:00 DEBUG 33848 --- [springboot_backend] [restartedMain] c.e.s.SpringbootBackendApplication       : Running with Spring Boot v4.0.0, Spring v7.0.1
2025-12-03T11:33:13.857+08:00  INFO 33848 --- [springboot_backend] [restartedMain] c.e.s.SpringbootBackendApplication       : The following 1 profile is active: "dev"
2025-12-03T11:33:13.889+08:00  INFO 33848 --- [springboot_backend] [restartedMain] .e.DevToolsPropertyDefaultsPostProcessor : Devtools property defaults active! Set 'spring.devtools.add-properties' to 'false' to disable
2025-12-03T11:33:13.889+08:00  INFO 33848 --- [springboot_backend] [restartedMain] .e.DevToolsPropertyDefaultsPostProcessor : For additional web related logging consider setting the 'logging.level.web' property to 'DEBUG'
2025-12-03T11:33:14.406+08:00  INFO 33848 --- [springboot_backend] [restartedMain] .s.d.r.c.RepositoryConfigurationDelegate : Multiple Spring Data modules found, entering strict repository configuration mode
2025-12-03T11:33:14.407+08:00  INFO 33848 --- [springboot_backend] [restartedMain] .s.d.r.c.RepositoryConfigurationDelegate : Bootstrapping Spring Data JPA repositories in DEFAULT mode.
2025-12-03T11:33:14.494+08:00  INFO 33848 --- [springboot_backend] [restartedMain] .s.d.r.c.RepositoryConfigurationDelegate : Finished Spring Data repository scanning in 81 ms. Found 1 JPA repository interface.
2025-12-03T11:33:14.519+08:00  INFO 33848 --- [springboot_backend] [restartedMain] .s.d.r.c.RepositoryConfigurationDelegate : Multiple Spring Data modules found, entering strict repository configuration mode
2025-12-03T11:33:14.520+08:00  INFO 33848 --- [springboot_backend] [restartedMain] .s.d.r.c.RepositoryConfigurationDelegate : Bootstrapping Spring Data Redis repositories in DEFAULT mode.
2025-12-03T11:33:14.534+08:00  INFO 33848 --- [springboot_backend] [restartedMain] .RepositoryConfigurationExtensionSupport : Spring Data Redis - Could not safely identify store assignment for repository candidate interface com.example.springboot_backend.talk2me.user.repository.UserRepository; If you want this repository to be a Redis repository, consider annotating your entities with one of these annotations: org.springframework.data.redis.core.RedisHash (preferred), or consider extending one of the following types with your repository: org.springframework.data.keyvalue.repository.KeyValueRepository
2025-12-03T11:33:14.534+08:00  INFO 33848 --- [springboot_backend] [restartedMain] .s.d.r.c.RepositoryConfigurationDelegate : Finished Spring Data repository scanning in 6 ms. Found 0 Redis repository interfaces.
2025-12-03T11:33:15.065+08:00  INFO 33848 --- [springboot_backend] [restartedMain] o.s.boot.tomcat.TomcatWebServer          : Tomcat initialized with port 8099 (http)
2025-12-03T11:33:15.078+08:00  INFO 33848 --- [springboot_backend] [restartedMain] o.apache.catalina.core.StandardService   : Starting service [Tomcat]
2025-12-03T11:33:15.078+08:00  INFO 33848 --- [springboot_backend] [restartedMain] o.apache.catalina.core.StandardEngine    : Starting Servlet engine: [Apache Tomcat/11.0.14]
2025-12-03T11:33:15.112+08:00  INFO 33848 --- [springboot_backend] [restartedMain] b.w.c.s.WebApplicationContextInitializer : Root WebApplicationContext: initialization completed in 1222 ms
2025-12-03T11:33:15.207+08:00  INFO 33848 --- [springboot_backend] [restartedMain] o.hibernate.jpa.internal.util.LogHelper  : HHH000204: Processing PersistenceUnitInfo [name: default]
2025-12-03T11:33:15.234+08:00  INFO 33848 --- [springboot_backend] [restartedMain] org.hibernate.Version                    : HHH000412: Hibernate ORM core version 7.1.8.Final
2025-12-03T11:33:15.513+08:00  INFO 33848 --- [springboot_backend] [restartedMain] o.s.o.j.p.SpringPersistenceUnitInfo      : No LoadTimeWeaver setup: ignoring JPA class transformer
2025-12-03T11:33:15.540+08:00  INFO 33848 --- [springboot_backend] [restartedMain] com.zaxxer.hikari.HikariDataSource       : HikariPool-1 - Starting...
2025-12-03T11:33:15.661+08:00  INFO 33848 --- [springboot_backend] [restartedMain] com.zaxxer.hikari.pool.HikariPool        : HikariPool-1 - Added connection conn0: url=jdbc:h2:mem:talk2me user=SA
2025-12-03T11:33:15.662+08:00  INFO 33848 --- [springboot_backend] [restartedMain] com.zaxxer.hikari.HikariDataSource       : HikariPool-1 - Start completed.
2025-12-03T11:33:15.674+08:00  WARN 33848 --- [springboot_backend] [restartedMain] org.hibernate.orm.deprecation            : HHH90000025: H2Dialect does not need to be specified explicitly using 'hibernate.dialect' (remove the property setting and it will be selected by default)
2025-12-03T11:33:15.686+08:00  INFO 33848 --- [springboot_backend] [restartedMain] org.hibernate.orm.connections.pooling    : HHH10001005: Database info:
	Database JDBC URL [jdbc:h2:mem:talk2me]
	Database driver: H2 JDBC Driver
	Database dialect: H2Dialect
	Database version: 2.4.240
	Default catalog/schema: TALK2ME/PUBLIC
	Autocommit mode: undefined/unknown
	Isolation level: READ_COMMITTED [default READ_COMMITTED]
	JDBC fetch size: 100
	Pool: DatasourceConnectionProviderImpl
	Minimum pool size: undefined/unknown
	Maximum pool size: undefined/unknown
2025-12-03T11:33:16.301+08:00  INFO 33848 --- [springboot_backend] [restartedMain] o.h.e.t.j.p.i.JtaPlatformInitiator       : HHH000489: No JTA platform available (set 'hibernate.transaction.jta.platform' to enable JTA platform integration)
2025-12-03T11:33:16.344+08:00  INFO 33848 --- [springboot_backend] [restartedMain] j.LocalContainerEntityManagerFactoryBean : Initialized JPA EntityManagerFactory for persistence unit 'default'
2025-12-03T11:33:16.400+08:00  INFO 33848 --- [springboot_backend] [restartedMain] o.s.d.j.r.query.QueryEnhancerFactories   : Hibernate is in classpath; If applicable, HQL parser will be used.
2025-12-03T11:33:16.533+08:00 DEBUG 33848 --- [springboot_backend] [restartedMain] c.e.s.c.s.JwtAuthenticationFilter        : Filter 'jwtAuthenticationFilter' configured for use
2025-12-03T11:33:16.571+08:00  INFO 33848 --- [springboot_backend] [restartedMain] r$InitializeUserDetailsManagerConfigurer : Global AuthenticationManager configured with UserDetailsService bean with name userDetailsServiceImpl
2025-12-03T11:33:17.351+08:00  INFO 33848 --- [springboot_backend] [restartedMain] o.s.boot.tomcat.TomcatWebServer          : Tomcat started on port 8099 (http) with context path '/'
2025-12-03T11:33:17.355+08:00  INFO 33848 --- [springboot_backend] [restartedMain] c.e.s.SpringbootBackendApplication       : Started SpringbootBackendApplication in 3.826 seconds (process running for 4.375)
2025-12-03T11:33:30.954+08:00  INFO 33848 --- [springboot_backend] [SpringApplicationShutdownHook] o.s.boot.tomcat.GracefulShutdown         : Commencing graceful shutdown. Waiting for active requests to complete
2025-12-03T11:33:30.963+08:00  INFO 33848 --- [springboot_backend] [tomcat-shutdown] o.s.boot.tomcat.GracefulShutdown         : Graceful shutdown complete
2025-12-03T11:33:30.973+08:00  INFO 33848 --- [springboot_backend] [SpringApplicationShutdownHook] j.LocalContainerEntityManagerFactoryBean : Closing JPA EntityManagerFactory for persistence unit 'default'
2025-12-03T11:33:30.979+08:00  WARN 33848 --- [springboot_backend] [SpringApplicationShutdownHook] o.s.b.f.support.DisposableBeanAdapter    : Invocation of destroy method failed on bean with name 'inMemoryDatabaseShutdownExecutor': org.h2.jdbc.JdbcSQLNonTransientConnectionException: Database is already closed (to disable automatic closing at VM shutdown, add ";DB_CLOSE_ON_EXIT=FALSE" to the db URL) [90121-240]
2025-12-03T11:33:30.980+08:00  INFO 33848 --- [springboot_backend] [SpringApplicationShutdownHook] com.zaxxer.hikari.HikariDataSource       : HikariPool-1 - Shutdown initiated...
2025-12-03T11:33:30.981+08:00  INFO 33848 --- [springboot_backend] [SpringApplicationShutdownHook] com.zaxxer.hikari.HikariDataSource       : HikariPool-1 - Shutdown completed.
2025-12-03T11:34:02.200+08:00  INFO 39088 --- [springboot_backend] [restartedMain] c.e.s.SpringbootBackendApplication       : Starting SpringbootBackendApplication using Java 21.0.8 with PID 39088 (D:\_Files\Talk2Me-Forum\springboot_backend\target\classes started by Flo in D:\_Files\Talk2Me-Forum\springboot_backend)
2025-12-03T11:34:02.202+08:00 DEBUG 39088 --- [springboot_backend] [restartedMain] c.e.s.SpringbootBackendApplication       : Running with Spring Boot v4.0.0, Spring v7.0.1
2025-12-03T11:34:02.202+08:00  INFO 39088 --- [springboot_backend] [restartedMain] c.e.s.SpringbootBackendApplication       : The following 1 profile is active: "dev"
2025-12-03T11:34:02.239+08:00  INFO 39088 --- [springboot_backend] [restartedMain] .e.DevToolsPropertyDefaultsPostProcessor : Devtools property defaults active! Set 'spring.devtools.add-properties' to 'false' to disable
2025-12-03T11:34:02.240+08:00  INFO 39088 --- [springboot_backend] [restartedMain] .e.DevToolsPropertyDefaultsPostProcessor : For additional web related logging consider setting the 'logging.level.web' property to 'DEBUG'
2025-12-03T11:34:02.747+08:00  INFO 39088 --- [springboot_backend] [restartedMain] .s.d.r.c.RepositoryConfigurationDelegate : Multiple Spring Data modules found, entering strict repository configuration mode
2025-12-03T11:34:02.748+08:00  INFO 39088 --- [springboot_backend] [restartedMain] .s.d.r.c.RepositoryConfigurationDelegate : Bootstrapping Spring Data JPA repositories in DEFAULT mode.
2025-12-03T11:34:02.835+08:00  INFO 39088 --- [springboot_backend] [restartedMain] .s.d.r.c.RepositoryConfigurationDelegate : Finished Spring Data repository scanning in 81 ms. Found 1 JPA repository interface.
2025-12-03T11:34:02.860+08:00  INFO 39088 --- [springboot_backend] [restartedMain] .s.d.r.c.RepositoryConfigurationDelegate : Multiple Spring Data modules found, entering strict repository configuration mode
2025-12-03T11:34:02.861+08:00  INFO 39088 --- [springboot_backend] [restartedMain] .s.d.r.c.RepositoryConfigurationDelegate : Bootstrapping Spring Data Redis repositories in DEFAULT mode.
2025-12-03T11:34:02.872+08:00  INFO 39088 --- [springboot_backend] [restartedMain] .RepositoryConfigurationExtensionSupport : Spring Data Redis - Could not safely identify store assignment for repository candidate interface com.example.springboot_backend.talk2me.user.repository.UserRepository; If you want this repository to be a Redis repository, consider annotating your entities with one of these annotations: org.springframework.data.redis.core.RedisHash (preferred), or consider extending one of the following types with your repository: org.springframework.data.keyvalue.repository.KeyValueRepository
2025-12-03T11:34:02.873+08:00  INFO 39088 --- [springboot_backend] [restartedMain] .s.d.r.c.RepositoryConfigurationDelegate : Finished Spring Data repository scanning in 6 ms. Found 0 Redis repository interfaces.
2025-12-03T11:34:03.349+08:00  INFO 39088 --- [springboot_backend] [restartedMain] o.s.boot.tomcat.TomcatWebServer          : Tomcat initialized with port 8099 (http)
2025-12-03T11:34:03.360+08:00  INFO 39088 --- [springboot_backend] [restartedMain] o.apache.catalina.core.StandardService   : Starting service [Tomcat]
2025-12-03T11:34:03.360+08:00  INFO 39088 --- [springboot_backend] [restartedMain] o.apache.catalina.core.StandardEngine    : Starting Servlet engine: [Apache Tomcat/11.0.14]
2025-12-03T11:34:03.390+08:00  INFO 39088 --- [springboot_backend] [restartedMain] b.w.c.s.WebApplicationContextInitializer : Root WebApplicationContext: initialization completed in 1150 ms
2025-12-03T11:34:03.491+08:00  INFO 39088 --- [springboot_backend] [restartedMain] o.hibernate.jpa.internal.util.LogHelper  : HHH000204: Processing PersistenceUnitInfo [name: default]
2025-12-03T11:34:03.529+08:00  INFO 39088 --- [springboot_backend] [restartedMain] org.hibernate.Version                    : HHH000412: Hibernate ORM core version 7.1.8.Final
2025-12-03T11:34:03.807+08:00  INFO 39088 --- [springboot_backend] [restartedMain] o.s.o.j.p.SpringPersistenceUnitInfo      : No LoadTimeWeaver setup: ignoring JPA class transformer
2025-12-03T11:34:03.826+08:00  INFO 39088 --- [springboot_backend] [restartedMain] com.zaxxer.hikari.HikariDataSource       : HikariPool-1 - Starting...
2025-12-03T11:34:03.950+08:00  INFO 39088 --- [springboot_backend] [restartedMain] com.zaxxer.hikari.pool.HikariPool        : HikariPool-1 - Added connection conn0: url=jdbc:h2:mem:talk2me user=SA
2025-12-03T11:34:03.953+08:00  INFO 39088 --- [springboot_backend] [restartedMain] com.zaxxer.hikari.HikariDataSource       : HikariPool-1 - Start completed.
2025-12-03T11:34:03.994+08:00  INFO 39088 --- [springboot_backend] [restartedMain] org.hibernate.orm.connections.pooling    : HHH10001005: Database info:
	Database JDBC URL [jdbc:h2:mem:talk2me]
	Database driver: H2 JDBC Driver
	Database dialect: H2Dialect
	Database version: 2.4.240
	Default catalog/schema: TALK2ME/PUBLIC
	Autocommit mode: undefined/unknown
	Isolation level: READ_COMMITTED [default READ_COMMITTED]
	JDBC fetch size: 100
	Pool: DatasourceConnectionProviderImpl
	Minimum pool size: undefined/unknown
	Maximum pool size: undefined/unknown
2025-12-03T11:34:04.642+08:00  INFO 39088 --- [springboot_backend] [restartedMain] o.h.e.t.j.p.i.JtaPlatformInitiator       : HHH000489: No JTA platform available (set 'hibernate.transaction.jta.platform' to enable JTA platform integration)
2025-12-03T11:34:04.684+08:00  INFO 39088 --- [springboot_backend] [restartedMain] j.LocalContainerEntityManagerFactoryBean : Initialized JPA EntityManagerFactory for persistence unit 'default'
2025-12-03T11:34:04.738+08:00  INFO 39088 --- [springboot_backend] [restartedMain] o.s.d.j.r.query.QueryEnhancerFactories   : Hibernate is in classpath; If applicable, HQL parser will be used.
2025-12-03T11:34:04.875+08:00 DEBUG 39088 --- [springboot_backend] [restartedMain] c.e.s.c.s.JwtAuthenticationFilter        : Filter 'jwtAuthenticationFilter' configured for use
2025-12-03T11:34:04.918+08:00  INFO 39088 --- [springboot_backend] [restartedMain] r$InitializeUserDetailsManagerConfigurer : Global AuthenticationManager configured with UserDetailsService bean with name userDetailsServiceImpl
2025-12-03T11:34:05.723+08:00  INFO 39088 --- [springboot_backend] [restartedMain] o.s.boot.tomcat.TomcatWebServer          : Tomcat started on port 8099 (http) with context path '/'
2025-12-03T11:34:05.728+08:00  INFO 39088 --- [springboot_backend] [restartedMain] c.e.s.SpringbootBackendApplication       : Started SpringbootBackendApplication in 3.831 seconds (process running for 4.36)
2025-12-03T11:34:14.874+08:00  INFO 39088 --- [springboot_backend] [SpringApplicationShutdownHook] o.s.boot.tomcat.GracefulShutdown         : Commencing graceful shutdown. Waiting for active requests to complete
2025-12-03T11:34:14.882+08:00  INFO 39088 --- [springboot_backend] [tomcat-shutdown] o.s.boot.tomcat.GracefulShutdown         : Graceful shutdown complete
2025-12-03T11:34:14.892+08:00  INFO 39088 --- [springboot_backend] [SpringApplicationShutdownHook] j.LocalContainerEntityManagerFactoryBean : Closing JPA EntityManagerFactory for persistence unit 'default'
2025-12-03T11:34:14.895+08:00  WARN 39088 --- [springboot_backend] [SpringApplicationShutdownHook] o.s.b.f.support.DisposableBeanAdapter    : Invocation of destroy method failed on bean with name 'inMemoryDatabaseShutdownExecutor': org.h2.jdbc.JdbcSQLNonTransientConnectionException: Database is already closed (to disable automatic closing at VM shutdown, add ";DB_CLOSE_ON_EXIT=FALSE" to the db URL) [90121-240]
2025-12-03T11:34:14.895+08:00  INFO 39088 --- [springboot_backend] [SpringApplicationShutdownHook] com.zaxxer.hikari.HikariDataSource       : HikariPool-1 - Shutdown initiated...
2025-12-03T11:34:14.896+08:00  INFO 39088 --- [springboot_backend] [SpringApplicationShutdownHook] com.zaxxer.hikari.HikariDataSource       : HikariPool-1 - Shutdown completed.
